<?xml version="1.0" encoding="UTF-8"?>
<testng-results ignored="0" total="1" passed="1" failed="0" skipped="0">
  <reporter-output>
  </reporter-output>
  <suite started-at="2024-02-17T09:51:35 PST" name="Default suite" finished-at="2024-02-17T09:51:38 PST" duration-ms="3432">
    <groups>
    </groups>
    <test started-at="2024-02-17T09:51:35 PST" name="Default test" finished-at="2024-02-17T09:51:38 PST" duration-ms="3432">
      <class name="Mvn.ClassTask3.AppTest">
        <test-method is-config="true" signature="setup()[pri:0, instance:Mvn.ClassTask3.AppTest@436813f3]" started-at="2024-02-17T09:51:35 PST" name="setup" finished-at="2024-02-17T09:51:37 PST" duration-ms="2365" status="PASS">
          <reporter-output>
          </reporter-output>
        </test-method> <!-- setup -->
        <test-method signature="validLogin()[pri:0, instance:Mvn.ClassTask3.AppTest@436813f3]" started-at="2024-02-17T09:51:37 PST" name="validLogin" finished-at="2024-02-17T09:51:38 PST" duration-ms="936" status="PASS">
          <reporter-output>
          </reporter-output>
        </test-method> <!-- validLogin -->
        <test-method is-config="true" signature="close()[pri:0, instance:Mvn.ClassTask3.AppTest@436813f3]" started-at="2024-02-17T09:51:38 PST" name="close" finished-at="2024-02-17T09:51:38 PST" duration-ms="105" status="PASS">
          <reporter-output>
          </reporter-output>
        </test-method> <!-- close -->
      </class> <!-- Mvn.ClassTask3.AppTest -->
    </test> <!-- Default test -->
  </suite> <!-- Default suite -->
</testng-results>
